<?xml version="1.0" encoding="UTF-8"?>
<testsuite xmlns:xsi="http://www.w3.org/2001/XMLSchema-instance" xsi:noNamespaceSchemaLocation="https://maven.apache.org/surefire/maven-surefire-plugin/xsd/surefire-test-report.xsd" version="3.0.2" name="com.chronos.conversation.ConversationApplicationTests" time="1.884" tests="2" errors="0" skipped="0" failures="0" flakes="0">
  <properties>
[...]
</properties>
  <testcase name="preservesCompetitivePricingEvidence" classname="com.chronos.conversation.ConversationApplicationTests" time="0.268">
    <system-out><![CDATA[22:18:57.551 [main] INFO org.springframework.test.context.support.AnnotationConfigContextLoaderUtils -- Could not detect default configuration classes for test class [com.chronos.conversation.ConversationApplicationTests]: ConversationApplicationTests does not declare any static, non-private, non-final, nested classes annotated with @Configuration.
22:18:57.586 [main] INFO org.springframework.boot.test.context.SpringBootTestContextBootstrapper -- Found @SpringBootConfiguration com.chronos.conversation.ConversationApplication for test class com.chronos.conversation.ConversationApplicationTests
22:18:57.612 [main] INFO org.springframework.test.context.support.AnnotationConfigContextLoaderUtils -- Could not detect default configuration classes for test class [com.chronos.conversation.ConversationApplicationTests]: ConversationApplicationTests does not declare any static, non-private, non-final, nested classes annotated with @Configuration.
22:18:57.613 [main] INFO org.springframework.boot.test.context.SpringBootTestContextBootstrapper -- Found @SpringBootConfiguration com.chronos.conversation.ConversationApplication for test class com.chronos.conversation.ConversationApplicationTests

  .   ____          _            __ _ _
 /\\ / ___'_ __ _ _(_)_ __  __ _ \ \ \ \
( ( )\___ | '_ | '_| | '_ \/ _` | \ \ \ \
 \\/  ___)| |_)| | | | | || (_| |  ) ) ) )
  '  |____| .__|_| |_|_| |_\__, | / / / /
 =========|_|==============|___/=/_/_/_/

 :: Spring Boot ::                (v4.1.1)

2026-09-12T22:18:57.737-07:00  INFO 74728 --- [chronos-conversation] [           main] c.c.c.ConversationApplicationTests       : Starting ConversationApplicationTests using Java 26.0.2.1 with PID 74728 (started by rnair in /Users/rnair/projects/chronos/services/conversation)
2026-09-12T22:18:57.738-07:00  INFO 74728 --- [chronos-conversation] [           main] c.c.c.ConversationApplicationTests       : No active profile set, falling back to 1 default profile: "default"
2026-09-12T22:18:57.930-07:00  INFO 74728 --- [chronos-conversation] [           main] .s.d.r.c.RepositoryConfigurationDelegate : Bootstrapping Spring Data JPA repositories in DEFAULT mode.
2026-09-12T22:18:57.946-07:00  INFO 74728 --- [chronos-conversation] [           main] .s.d.r.c.RepositoryConfigurationDelegate : Finished Spring Data repository scanning in 13 ms. Found 2 JPA repository interfaces.
2026-09-12T22:18:58.107-07:00  INFO 74728 --- [chronos-conversation] [           main] org.hibernate.orm.jpa                    : HHH008540: Processing PersistenceUnitInfo [name: default]
2026-09-12T22:18:58.126-07:00  INFO 74728 --- [chronos-conversation] [           main] org.hibernate.orm.core                   : HHH000001: Hibernate ORM core version 7.4.5.Final
2026-09-12T22:18:58.274-07:00  INFO 74728 --- [chronos-conversation] [           main] o.s.o.j.p.SpringPersistenceUnitInfo      : No LoadTimeWeaver setup: ignoring JPA class transformer
2026-09-12T22:18:58.284-07:00  INFO 74728 --- [chronos-conversation] [           main] com.zaxxer.hikari.HikariDataSource       : HikariPool-1 - Starting...
2026-09-12T22:18:58.343-07:00  INFO 74728 --- [chronos-conversation] [           main] com.zaxxer.hikari.pool.HikariPool        : HikariPool-1 - Added connection conn0: url=jdbc:h2:mem:conversation user=SA
2026-09-12T22:18:58.343-07:00  INFO 74728 --- [chronos-conversation] [           main] com.zaxxer.hikari.HikariDataSource       : HikariPool-1 - Start completed.
2026-09-12T22:18:58.363-07:00  INFO 74728 --- [chronos-conversation] [           main] org.hibernate.orm.connections.pooling    : HHH10001005: Database info:
	Database JDBC URL [jdbc:h2:mem:conversation]
	Database driver: H2 JDBC Driver
	Database dialect: H2Dialect
	Database version: 2.4.240
	Default catalog/schema: CONVERSATION/PUBLIC
	Autocommit mode: undefined/unknown
	Isolation level: READ_COMMITTED [default READ_COMMITTED]
	JDBC fetch size: 100
	Pool: DataSourceConnectionProvider
	Minimum pool size: undefined/unknown
	Maximum pool size: undefined/unknown
2026-09-12T22:18:58.644-07:00  INFO 74728 --- [chronos-conversation] [           main] org.hibernate.orm.core                   : HHH000489: No JTA platform available (set 'hibernate.transaction.jta.platform' to enable JTA platform integration)
2026-09-12T22:18:58.659-07:00  INFO 74728 --- [chronos-conversation] [           main] j.LocalContainerEntityManagerFactoryBean : Initialized JPA EntityManagerFactory for persistence unit 'default'
2026-09-12T22:18:58.690-07:00  INFO 74728 --- [chronos-conversation] [           main] o.s.d.j.r.query.QueryEnhancerFactories   : Hibernate is in classpath; If applicable, HQL parser will be used.
2026-09-12T22:18:58.916-07:00  INFO 74728 --- [chronos-conversation] [           main] c.c.c.ConversationApplicationTests       : Started ConversationApplicationTests in 1.284 seconds (process running for 1.658)
]]></system-out>
    <system-err><![CDATA[Mockito is currently self-attaching to enable the inline-mock-maker. This will no longer work in future releases of the JDK. Please add Mockito as an agent to your build as described in Mockito's documentation: https://javadoc.io/doc/org.mockito/mockito-core/latest/org.mockito/org/mockito/Mockito.html#0.3
WARNING: A Java agent has been loaded dynamically (/Users/rnair/.m2/repository/net/bytebuddy/byte-buddy-agent/1.18.11/byte-buddy-agent-1.18.11.jar)
WARNING: If a serviceability tool is in use, please run with -XX:+EnableDynamicAgentLoading to hide this warning
WARNING: If a serviceability tool is not in use, please run with -Djdk.instrument.traceUsage for more information
WARNING: Dynamic loading of agents will be disallowed by default in a future release
]]></system-err>
  </testcase>
  <testcase name="seedsGlobalHotelsConversationHistory" classname="com.chronos.conversation.ConversationApplicationTests" time="0.01"/>
</testsuite>